<?xml version="1.0" encoding="UTF-8"?>
<testsuite xmlns:xsi="http://www.w3.org/2001/XMLSchema-instance" xsi:noNamespaceSchemaLocation="https://maven.apache.org/surefire/maven-surefire-plugin/xsd/surefire-test-report-3.0.xsd" version="3.0" name="com.banking.booksapi.BookControllerIntegrationTest" time="62.29" tests="1" errors="0" skipped="0" failures="1">
  <properties>
[...]
</properties>
  <testcase name="testCreateBookLogsMaskedFields" classname="com.banking.booksapi.BookControllerIntegrationTest" time="7.403">
    <failure message="&#10;Expecting value to be true but was false" type="org.opentest4j.AssertionFailedError"><![CDATA[org.opentest4j.AssertionFailedError: 

Expecting value to be true but was false
	at java.base/jdk.internal.reflect.NativeConstructorAccessorImpl.newInstance0(Native Method)
	at java.base/jdk.internal.reflect.NativeConstructorAccessorImpl.newInstance(NativeConstructorAccessorImpl.java:77)
	at java.base/jdk.internal.reflect.DelegatingConstructorAccessorImpl.newInstance(DelegatingConstructorAccessorImpl.java:45)
	at java.base/java.lang.reflect.Constructor.newInstanceWithCaller(Constructor.java:500)
	at com.banking.booksapi.BookControllerIntegrationTest.testCreateBookLogsMaskedFields(BookControllerIntegrationTest.java:71)
	at java.base/java.lang.reflect.Method.invoke(Method.java:569)
	at java.base/java.util.ArrayList.forEach(ArrayList.java:1511)
	at java.base/java.util.ArrayList.forEach(ArrayList.java:1511)
]]></failure>
    <system-out><![CDATA[
  .   ____          _            __ _ _
 /\\ / ___'_ __ _ _(_)_ __  __ _ \ \ \ \
( ( )\___ | '_ | '_| | '_ \/ _` | \ \ \ \
 \\/  ___)| |_)| | | | | || (_| |  ) ) ) )
  '  |____| .__|_| |_|_| |_\__, | / / / /
 =========|_|==============|___/=/_/_/_/

 :: Spring Boot ::                (v3.3.2)

2026-02-19T12:13:21.986+03:00  INFO 8034 --- [           main] c.b.b.BookControllerIntegrationTest      : Starting BookControllerIntegrationTest using Java 17.0.18 with PID 8034 (started by uncle in /mnt/c/Users/hp/Java/kcb-parent/kcb-books-api-demo)
2026-02-19T12:13:22.022+03:00  INFO 8034 --- [           main] c.b.b.BookControllerIntegrationTest      : No active profile set, falling back to 1 default profile: "default"
2026-02-19T12:13:29.943+03:00  INFO 8034 --- [           main] .s.d.r.c.RepositoryConfigurationDelegate : Bootstrapping Spring Data JPA repositories in DEFAULT mode.
2026-02-19T12:13:30.760+03:00  INFO 8034 --- [           main] .s.d.r.c.RepositoryConfigurationDelegate : Finished Spring Data repository scanning in 729 ms. Found 1 JPA repository interface.
2026-02-19T12:13:36.850+03:00  INFO 8034 --- [           main] o.hibernate.jpa.internal.util.LogHelper  : HHH000204: Processing PersistenceUnitInfo [name: default]
2026-02-19T12:13:37.923+03:00  INFO 8034 --- [           main] org.hibernate.Version                    : HHH000412: Hibernate ORM core version 6.5.2.Final
2026-02-19T12:13:38.500+03:00  INFO 8034 --- [           main] o.h.c.internal.RegionFactoryInitiator    : HHH000026: Second-level cache disabled
2026-02-19T12:13:43.393+03:00  INFO 8034 --- [           main] o.s.o.j.p.SpringPersistenceUnitInfo      : No LoadTimeWeaver setup: ignoring JPA class transformer
2026-02-19T12:13:43.837+03:00  INFO 8034 --- [           main] com.zaxxer.hikari.HikariDataSource       : HikariPool-1 - Starting...
2026-02-19T12:13:46.571+03:00  INFO 8034 --- [           main] com.zaxxer.hikari.pool.HikariPool        : HikariPool-1 - Added connection conn0: url=jdbc:h2:mem:testdb user=SA
2026-02-19T12:13:46.603+03:00  INFO 8034 --- [           main] com.zaxxer.hikari.HikariDataSource       : HikariPool-1 - Start completed.
2026-02-19T12:13:59.812+03:00  INFO 8034 --- [           main] o.h.e.t.j.p.i.JtaPlatformInitiator       : HHH000489: No JTA platform available (set 'hibernate.transaction.jta.platform' to enable JTA platform integration)
Hibernate: create table book (id bigint generated by default as identity, author varchar(255), email varchar(255), phone_number varchar(255), publisher varchar(255), title varchar(255), primary key (id))
2026-02-19T12:14:00.486+03:00  INFO 8034 --- [           main] j.LocalContainerEntityManagerFactoryBean : Initialized JPA EntityManagerFactory for persistence unit 'default'
2026-02-19T12:14:04.375+03:00  WARN 8034 --- [           main] JpaBaseConfiguration$JpaWebConfiguration : spring.jpa.open-in-view is enabled by default. Therefore, database queries may be performed during view rendering. Explicitly configure spring.jpa.open-in-view to disable this warning
2026-02-19T12:14:08.838+03:00  INFO 8034 --- [           main] o.s.b.t.m.w.SpringBootMockServletContext : Initializing Spring TestDispatcherServlet ''
2026-02-19T12:14:08.839+03:00  INFO 8034 --- [           main] o.s.t.web.servlet.TestDispatcherServlet  : Initializing Servlet ''
2026-02-19T12:14:08.845+03:00  INFO 8034 --- [           main] o.s.t.web.servlet.TestDispatcherServlet  : Completed initialization in 3 ms
2026-02-19T12:14:08.950+03:00  INFO 8034 --- [           main] c.b.b.BookControllerIntegrationTest      : Started BookControllerIntegrationTest in 50.44 seconds (process running for 56.055)
Hibernate: select b1_0.id,b1_0.author,b1_0.email,b1_0.phone_number,b1_0.publisher,b1_0.title from book b1_0
Hibernate: insert into book (author,email,phone_number,publisher,title,id) values (?,?,?,?,?,default)
2026-02-19T12:14:15.496+03:00  INFO 8034 --- [           main] c.b.booksapi.controller.BookController   : Created book: com.banking.booksapi.model.Book@750448fb

MockHttpServletRequest:
      HTTP Method = POST
      Request URI = /books
       Parameters = {}
          Headers = [Content-Type:"application/json;charset=UTF-8", Content-Length:"191"]
             Body =     {
        "title": "Spring Boot Mastery",
        "author": "John Doe",
        "email": "john.doe@gmail.com",
        "phoneNumber": "0712345678",
        "publisher": "TechPress"
    }

    Session Attrs = {}

Handler:
             Type = com.banking.booksapi.controller.BookController
           Method = com.banking.booksapi.controller.BookController#create(Book)

Async:
    Async started = false
     Async result = null

Resolved Exception:
             Type = null

ModelAndView:
        View name = null
             View = null
            Model = null

FlashMap:
       Attributes = null

MockHttpServletResponse:
           Status = 200
    Error message = null
          Headers = [Content-Type:"application/json"]
     Content type = application/json
             Body = {"id":1,"title":"Spring Boot Mastery","author":"John Doe","email":"jo****************","phoneNumber":"07********","publisher":"TechPress"}
    Forwarded URL = null
   Redirected URL = null
          Cookies = []
]]></system-out>
  </testcase>
</testsuite>