<?xml version="1.0" encoding="UTF-8"?>
<testsuite xmlns:xsi="http://www.w3.org/2001/XMLSchema-instance" xsi:noNamespaceSchemaLocation="https://maven.apache.org/surefire/maven-surefire-plugin/xsd/surefire-test-report-3.0.xsd" version="3.0" name="com.banking.masking.MaskingServiceTest" time="4.888" tests="1" errors="0" skipped="0" failures="0">
  <properties>
[...]
</properties>
  <testcase name="testMasking" classname="com.banking.masking.MaskingServiceTest" time="4.726">
    <system-out><![CDATA[Original email: john.doe@gmail.com
Masked email:   jo****************
Original phone: 0712345678
Masked phone:   07********
]]></system-out>
  </testcase>
</testsuite>